# JRE version: OpenJDK Runtime Environment (16.0.1+9) (build 16.0.1+9-24)
# Java VM: OpenJDK 64-Bit Server VM (16.0.1+9-24, mixed mode, tiered, compressed oops, compressed class ptrs, g1 gc, windows-amd64)
GC Precious Log:
 CPUs: 8 total, 8 available
 Memory: 8062M
 Large Page Support: Disabled
 NUMA Support: Disabled
 Compressed Oops: Enabled (32-bit)
 Heap Region Size: 1M
 Heap Min Capacity: 8M
 Heap Initial Capacity: 126M
 Heap Max Capacity: 2016M
 Pre-touch: Disabled
 Parallel Workers: 8
 Concurrent Workers: 2
 Concurrent Refinement Workers: 8
 Periodic GC: Disabled
Heap:
 garbage-first heap   total 65536K, used 31962K [0x0000000082000000, 0x0000000100000000)
  region size 1024K, 2 young (2048K), 2 survivors (2048K)
 Metaspace       used 64602K, committed 65152K, reserved 1105920K
  class space    used 8645K, committed 8896K, reserved 1048576K
GC Heap History (20 events):
Event: 6.993 GC heap after
{Heap after GC invocations=13 (full 0):
 garbage-first heap   total 54272K, used 18717K [0x0000000082000000, 0x0000000100000000)
  region size 1024K, 1 young (1024K), 1 survivors (1024K)
 Metaspace       used 39277K, committed 39744K, reserved 1089536K
  class space    used 4976K, committed 5184K, reserved 1048576K
}
Event: 7.416 GC heap before
{Heap before GC invocations=13 (full 0):
 garbage-first heap   total 54272K, used 40221K [0x0000000082000000, 0x0000000100000000)
  region size 1024K, 22 young (22528K), 1 survivors (1024K)
 Metaspace       used 40461K, committed 40896K, reserved 1089536K
  class space    used 5143K, committed 5376K, reserved 1048576K
}
Event: 7.424 GC heap after
{Heap after GC invocations=14 (full 0):
 garbage-first heap   total 54272K, used 19508K [0x0000000082000000, 0x0000000100000000)
  region size 1024K, 2 young (2048K), 2 survivors (2048K)
 Metaspace       used 40461K, committed 40896K, reserved 1089536K
  class space    used 5143K, committed 5376K, reserved 1048576K
}
Event: 8.074 GC heap before
{Heap before GC invocations=14 (full 0):
 garbage-first heap   total 54272K, used 39988K [0x0000000082000000, 0x0000000100000000)
  region size 1024K, 23 young (23552K), 2 survivors (2048K)
 Metaspace       used 42825K, committed 43264K, reserved 1089536K
  class space    used 5468K, committed 5696K, reserved 1048576K
}
Event: 8.086 GC heap after
{Heap after GC invocations=15 (full 0):
 garbage-first heap   total 65536K, used 20963K [0x0000000082000000, 0x0000000100000000)
  region size 1024K, 3 young (3072K), 3 survivors (3072K)
 Metaspace       used 42825K, committed 43264K, reserved 1089536K
  class space    used 5468K, committed 5696K, reserved 1048576K
}
Event: 8.734 GC heap before
{Heap before GC invocations=15 (full 0):
 garbage-first heap   total 65536K, used 50659K [0x0000000082000000, 0x0000000100000000)
  region size 1024K, 32 young (32768K), 3 survivors (3072K)
 Metaspace       used 46321K, committed 46784K, reserved 1089536K
  class space    used 5981K, committed 6208K, reserved 1048576K
}
Event: 8.744 GC heap after
{Heap after GC invocations=16 (full 0):
 garbage-first heap   total 65536K, used 22455K [0x0000000082000000, 0x0000000100000000)
  region size 1024K, 4 young (4096K), 4 survivors (4096K)
 Metaspace       used 46321K, committed 46784K, reserved 1089536K
  class space    used 5981K, committed 6208K, reserved 1048576K
}
Event: 9.909 GC heap before
{Heap before GC invocations=16 (full 0):
 garbage-first heap   total 65536K, used 50103K [0x0000000082000000, 0x0000000100000000)
  region size 1024K, 31 young (31744K), 4 survivors (4096K)
 Metaspace       used 50286K, committed 50752K, reserved 1097728K
  class space    used 6639K, committed 6848K, reserved 1048576K
}
Event: 9.916 GC heap after
{Heap after GC invocations=17 (full 0):
 garbage-first heap   total 65536K, used 24877K [0x0000000082000000, 0x0000000100000000)
  region size 1024K, 4 young (4096K), 4 survivors (4096K)
 Metaspace       used 50286K, committed 50752K, reserved 1097728K
  class space    used 6639K, committed 6848K, reserved 1048576K
}
Event: 11.437 GC heap before
{Heap before GC invocations=17 (full 0):
 garbage-first heap   total 65536K, used 49453K [0x0000000082000000, 0x0000000100000000)
  region size 1024K, 29 young (29696K), 4 survivors (4096K)
 Metaspace       used 53410K, committed 53824K, reserved 1097728K
  class space    used 7118K, committed 7296K, reserved 1048576K
}
Event: 11.446 GC heap after
{Heap after GC invocations=18 (full 0):
 garbage-first heap   total 65536K, used 27120K [0x0000000082000000, 0x0000000100000000)
  region size 1024K, 3 young (3072K), 3 survivors (3072K)
 Metaspace       used 53410K, committed 53824K, reserved 1097728K
  class space    used 7118K, committed 7296K, reserved 1048576K
}
Event: 12.017 GC heap before
{Heap before GC invocations=18 (full 0):
 garbage-first heap   total 65536K, used 49648K [0x0000000082000000, 0x0000000100000000)
  region size 1024K, 25 young (25600K), 3 survivors (3072K)
 Metaspace       used 56528K, committed 57024K, reserved 1105920K
  class space    used 7504K, committed 7744K, reserved 1048576K
}
Event: 12.024 GC heap after
{Heap after GC invocations=19 (full 0):
 garbage-first heap   total 65536K, used 29839K [0x0000000082000000, 0x0000000100000000)
  region size 1024K, 3 young (3072K), 3 survivors (3072K)
 Metaspace       used 56528K, committed 57024K, reserved 1105920K
  class space    used 7504K, committed 7744K, reserved 1048576K
}
Event: 41.109 GC heap before
{Heap before GC invocations=19 (full 0):
 garbage-first heap   total 65536K, used 47247K [0x0000000082000000, 0x0000000100000000)
  region size 1024K, 22 young (22528K), 3 survivors (3072K)
 Metaspace       used 59039K, committed 59520K, reserved 1105920K
  class space    used 7822K, committed 8064K, reserved 1048576K
}
Event: 41.117 GC heap after
{Heap after GC invocations=20 (full 0):
 garbage-first heap   total 65536K, used 31459K [0x0000000082000000, 0x0000000100000000)
  region size 1024K, 2 young (2048K), 2 survivors (2048K)
 Metaspace       used 59039K, committed 59520K, reserved 1105920K
  class space    used 7822K, committed 8064K, reserved 1048576K
}
Event: 46.680 GC heap before
{Heap before GC invocations=21 (full 0):
 garbage-first heap   total 65536K, used 49891K [0x0000000082000000, 0x0000000100000000)
  region size 1024K, 21 young (21504K), 2 survivors (2048K)
 Metaspace       used 63061K, committed 63552K, reserved 1105920K
  class space    used 8419K, committed 8640K, reserved 1048576K
}
Event: 46.687 GC heap after
{Heap after GC invocations=22 (full 0):
 garbage-first heap   total 65536K, used 32850K [0x0000000082000000, 0x0000000100000000)
  region size 1024K, 3 young (3072K), 3 survivors (3072K)
 Metaspace       used 63061K, committed 63552K, reserved 1105920K
  class space    used 8419K, committed 8640K, reserved 1048576K
}
Event: 46.743 GC heap before
{Heap before GC invocations=22 (full 0):
 garbage-first heap   total 65536K, used 32850K [0x0000000082000000, 0x0000000100000000)
  region size 1024K, 4 young (4096K), 3 survivors (3072K)
 Metaspace       used 63264K, committed 63744K, reserved 1105920K
  class space    used 8454K, committed 8704K, reserved 1048576K
}
Event: 46.754 GC heap after
{Heap after GC invocations=23 (full 0):
 garbage-first heap   total 65536K, used 31139K [0x0000000082000000, 0x0000000100000000)
  region size 1024K, 1 young (1024K), 1 survivors (1024K)
 Metaspace       used 63264K, committed 63744K, reserved 1105920K
  class space    used 8454K, committed 8704K, reserved 1048576K
}
Event: 674.619 GC heap before
{Heap before GC invocations=23 (full 0):
 garbage-first heap   total 65536K, used 51619K [0x0000000082000000, 0x0000000100000000)
  region size 1024K, 21 young (21504K), 1 survivors (1024K)
 Metaspace       used 64602K, committed 65152K, reserved 1105920K
  class space    used 8645K, committed 8896K, reserved 1048576K
}

