# JRE version: OpenJDK Runtime Environment (16.0.1+9) (build 16.0.1+9-24)
# Java VM: OpenJDK 64-Bit Server VM (16.0.1+9-24, mixed mode, tiered, compressed oops, compressed class ptrs, g1 gc, windows-amd64)
GC Precious Log:
 CPUs: 8 total, 8 available
 Memory: 8062M
 Large Page Support: Disabled
 NUMA Support: Disabled
 Compressed Oops: Enabled (32-bit)
 Heap Region Size: 1M
 Heap Min Capacity: 8M
 Heap Initial Capacity: 126M
 Heap Max Capacity: 2016M
 Pre-touch: Disabled
 Parallel Workers: 8
 Concurrent Workers: 2
 Concurrent Refinement Workers: 8
 Periodic GC: Disabled
Heap:
 garbage-first heap   total 65536K, used 22656K [0x0000000082000000, 0x0000000100000000)
  region size 1024K, 4 young (4096K), 4 survivors (4096K)
 Metaspace       used 41304K, committed 41664K, reserved 1089536K
  class space    used 5325K, committed 5504K, reserved 1048576K
GC Heap History (20 events):
Event: 1.585 GC heap after
{Heap after GC invocations=2 (full 0):
 garbage-first heap   total 129024K, used 10195K [0x0000000082000000, 0x0000000100000000)
  region size 1024K, 2 young (2048K), 2 survivors (2048K)
 Metaspace       used 16123K, committed 16320K, reserved 1064960K
  class space    used 1705K, committed 1792K, reserved 1048576K
}
Event: 1.666 GC heap before
{Heap before GC invocations=2 (full 0):
 garbage-first heap   total 129024K, used 53203K [0x0000000082000000, 0x0000000100000000)
  region size 1024K, 44 young (45056K), 2 survivors (2048K)
 Metaspace       used 16123K, committed 16320K, reserved 1064960K
  class space    used 1705K, committed 1792K, reserved 1048576K
}
Event: 1.671 GC heap after
{Heap after GC invocations=3 (full 0):
 garbage-first heap   total 129024K, used 10155K [0x0000000082000000, 0x0000000100000000)
  region size 1024K, 2 young (2048K), 2 survivors (2048K)
 Metaspace       used 16123K, committed 16320K, reserved 1064960K
  class space    used 1705K, committed 1792K, reserved 1048576K
}
Event: 2.765 GC heap before
{Heap before GC invocations=3 (full 0):
 garbage-first heap   total 129024K, used 34731K [0x0000000082000000, 0x0000000100000000)
  region size 1024K, 27 young (27648K), 2 survivors (2048K)
 Metaspace       used 21012K, committed 21248K, reserved 1073152K
  class space    used 2396K, committed 2496K, reserved 1048576K
}
Event: 2.770 GC heap after
{Heap after GC invocations=4 (full 0):
 garbage-first heap   total 129024K, used 11753K [0x0000000082000000, 0x0000000100000000)
  region size 1024K, 4 young (4096K), 4 survivors (4096K)
 Metaspace       used 21012K, committed 21248K, reserved 1073152K
  class space    used 2396K, committed 2496K, reserved 1048576K
}
Event: 3.345 GC heap before
{Heap before GC invocations=5 (full 0):
 garbage-first heap   total 51200K, used 48617K [0x0000000082000000, 0x0000000100000000)
  region size 1024K, 41 young (41984K), 4 survivors (4096K)
 Metaspace       used 26386K, committed 26624K, reserved 1073152K
  class space    used 3228K, committed 3328K, reserved 1048576K
}
Event: 3.352 GC heap after
{Heap after GC invocations=6 (full 0):
 garbage-first heap   total 56320K, used 13356K [0x0000000082000000, 0x0000000100000000)
  region size 1024K, 5 young (5120K), 5 survivors (5120K)
 Metaspace       used 26386K, committed 26624K, reserved 1073152K
  class space    used 3228K, committed 3328K, reserved 1048576K
}
Event: 3.358 GC heap before
{Heap before GC invocations=6 (full 0):
 garbage-first heap   total 56320K, used 37932K [0x0000000082000000, 0x0000000100000000)
  region size 1024K, 30 young (30720K), 5 survivors (5120K)
 Metaspace       used 26420K, committed 26624K, reserved 1073152K
  class space    used 3231K, committed 3328K, reserved 1048576K
}
Event: 3.363 GC heap after
{Heap after GC invocations=7 (full 0):
 garbage-first heap   total 70656K, used 13476K [0x0000000082000000, 0x0000000100000000)
  region size 1024K, 2 young (2048K), 2 survivors (2048K)
 Metaspace       used 26420K, committed 26624K, reserved 1073152K
  class space    used 3231K, committed 3328K, reserved 1048576K
}
Event: 3.931 GC heap before
{Heap before GC invocations=7 (full 0):
 garbage-first heap   total 70656K, used 52388K [0x0000000082000000, 0x0000000100000000)
  region size 1024K, 41 young (41984K), 2 survivors (2048K)
 Metaspace       used 31259K, committed 31552K, reserved 1081344K
  class space    used 3814K, committed 3968K, reserved 1048576K
}
Event: 3.936 GC heap after
{Heap after GC invocations=8 (full 0):
 garbage-first heap   total 70656K, used 15043K [0x0000000082000000, 0x0000000100000000)
  region size 1024K, 4 young (4096K), 4 survivors (4096K)
 Metaspace       used 31259K, committed 31552K, reserved 1081344K
  class space    used 3814K, committed 3968K, reserved 1048576K
}
Event: 4.881 GC heap before
{Heap before GC invocations=8 (full 0):
 garbage-first heap   total 70656K, used 52931K [0x0000000082000000, 0x0000000100000000)
  region size 1024K, 41 young (41984K), 4 survivors (4096K)
 Metaspace       used 35221K, committed 35520K, reserved 1081344K
  class space    used 4496K, committed 4672K, reserved 1048576K
}
Event: 4.887 GC heap after
{Heap after GC invocations=9 (full 0):
 garbage-first heap   total 70656K, used 16689K [0x0000000082000000, 0x0000000100000000)
  region size 1024K, 4 young (4096K), 4 survivors (4096K)
 Metaspace       used 35221K, committed 35520K, reserved 1081344K
  class space    used 4496K, committed 4672K, reserved 1048576K
}
Event: 4.950 GC heap before
{Heap before GC invocations=9 (full 0):
 garbage-first heap   total 70656K, used 18737K [0x0000000082000000, 0x0000000100000000)
  region size 1024K, 7 young (7168K), 4 survivors (4096K)
 Metaspace       used 35534K, committed 35840K, reserved 1081344K
  class space    used 4553K, committed 4736K, reserved 1048576K
}
Event: 4.955 GC heap after
{Heap after GC invocations=10 (full 0):
 garbage-first heap   total 70656K, used 17009K [0x0000000082000000, 0x0000000100000000)
  region size 1024K, 3 young (3072K), 3 survivors (3072K)
 Metaspace       used 35534K, committed 35840K, reserved 1081344K
  class space    used 4553K, committed 4736K, reserved 1048576K
}
Event: 5.801 GC heap before
{Heap before GC invocations=11 (full 0):
 garbage-first heap   total 65536K, used 51825K [0x0000000082000000, 0x0000000100000000)
  region size 1024K, 38 young (38912K), 3 survivors (3072K)
 Metaspace       used 39931K, committed 40320K, reserved 1089536K
  class space    used 5187K, committed 5376K, reserved 1048576K
}
Event: 5.811 GC heap after
{Heap after GC invocations=12 (full 0):
 garbage-first heap   total 65536K, used 19607K [0x0000000082000000, 0x0000000100000000)
  region size 1024K, 5 young (5120K), 5 survivors (5120K)
 Metaspace       used 39931K, committed 40320K, reserved 1089536K
  class space    used 5187K, committed 5376K, reserved 1048576K
}
Event: 5.821 GC heap before
{Heap before GC invocations=12 (full 0):
 garbage-first heap   total 65536K, used 49303K [0x0000000082000000, 0x0000000100000000)
  region size 1024K, 35 young (35840K), 5 survivors (5120K)
 Metaspace       used 39931K, committed 40320K, reserved 1089536K
  class space    used 5187K, committed 5376K, reserved 1048576K
}
Event: 5.827 GC heap after
{Heap after GC invocations=13 (full 0):
 garbage-first heap   total 65536K, used 19937K [0x0000000082000000, 0x0000000100000000)
  region size 1024K, 1 young (1024K), 1 survivors (1024K)
 Metaspace       used 39931K, committed 40320K, reserved 1089536K
  class space    used 5187K, committed 5376K, reserved 1048576K
}
Event: 6.148 GC heap before
{Heap before GC invocations=13 (full 0):
 garbage-first heap   total 65536K, used 56801K [0x0000000082000000, 0x0000000100000000)
  region size 1024K, 31 young (31744K), 1 survivors (1024K)
 Metaspace       used 41304K, committed 41664K, reserved 1089536K
  class space    used 5325K, committed 5504K, reserved 1048576K
}

